2023-06-13 11:30:14.5118 Peach.Pro.Core.Loggers.JobLogger Writing debug.log to: D:\work\program\protocol-fuzzer-ce-main\.depproj\Peach\bin\win_debug_x86\Logs\fuzz_AMS.xml_20230613113012\debug.log 
2023-06-13 11:30:16.3894 Peach.Core.Agent.Channels.AgentLocal StartMonitor: Monitor Socket 
2023-06-13 11:30:41.4903 Peach.Core.Agent.Channels.AgentLocal SessionStarting 
2023-06-13 11:31:04.0825 Peach.Core.Engine runTest: Iteration Starting: 1,  ============================= 
2023-06-13 11:31:13.5199 Peach.Core.Engine runTest: Performing control recording iteration. 
2023-06-13 11:32:36.2375 Peach.Core.Dom.StateModel Run(): Changing to state "Initial". 
2023-06-13 11:33:52.8495 Peach.Core.Dom.Action Run(Action): Output 
2023-06-13 11:33:52.9441 Peach.Pro.Core.Publishers.TcpClientPublisher start() 
2023-06-13 11:33:52.9441 Peach.Pro.Core.Publishers.TcpClientPublisher open() 
2023-06-13 11:33:52.9610 Peach.Pro.Core.Publishers.TcpClientPublisher output(54 bytes) 
2023-06-13 11:33:52.9610 Peach.Pro.Core.Publishers.TcpClientPublisher 

00000000   00 00 30 00 00 00 00 00  00 00 00 00 00 00 00 00   ..0.............
00000010   00 00 00 00 00 00 00 00  00 00 10 00 00 00 00 00   ................
00000020   00 00 00 00 00 00 00 00  00 00 00 00 00 00 00 00   ................
00000030   00 00 00 00 00 00                                  ......          
 
2023-06-13 11:34:13.5844 Peach.Core.Dom.Action Run(Action_1): Output 
2023-06-13 11:34:13.5844 Peach.Pro.Core.Publishers.ConsolePublisher start() 
2023-06-13 11:34:13.5844 Peach.Pro.Core.Publishers.ConsolePublisher open() 
2023-06-13 11:34:13.5844 Peach.Pro.Core.Publishers.ConsolePublisher output(54 bytes) 
2023-06-13 11:34:34.0928 Peach.Core.Dom.Action Run(Action_2): Call 
2023-06-13 11:41:09.1031 Peach.Core.Agent.AgentManager Message: local WaitForPort 
2023-06-13 11:42:04.1729 Peach.Core.Dom.Action Run(Action_2): Call 
